<?xml version="1.0" encoding="UTF-8" ?>
<testsuite tests="1" failures="0" name="com.mycompany.app.AppTest" time="0.001" errors="0" skipped="0">
  <properties>
    <property name="idea.version" value="2021.1.3"/>
    <property name="java.runtime.name" value="OpenJDK Runtime Environment"/>
    <property name="sun.boot.library.path" value="C:\Users\Ksenia.Ilina\.jdks\corretto-1.8.0_302\jre\bin"/>
    <property name="java.vm.version" value="25.302-b08"/>
    <property name="user.country.format" value="NL"/>
    <property name="java.vm.vendor" value="Amazon.com Inc."/>
    <property name="maven.multiModuleProjectDirectory" value="C:\Users\Ksenia.Ilina\IdeaProjects\maven-hello-world\my-app"/>
    <property name="java.vendor.url" value="https://aws.amazon.com/corretto/"/>
    <property name="path.separator" value=";"/>
    <property name="guice.disable.misplaced.annotation.check" value="true"/>
    <property name="java.vm.name" value="OpenJDK 64-Bit Server VM"/>
    <property name="file.encoding.pkg" value="sun.io"/>
    <property name="user.script" value=""/>
    <property name="user.country" value="US"/>
    <property name="sun.java.launcher" value="SUN_STANDARD"/>
    <property name="sun.os.patch.level" value=""/>
    <property name="java.vm.specification.name" value="Java Virtual Machine Specification"/>
    <property name="user.dir" value="C:\Users\Ksenia.Ilina\IdeaProjects\maven-hello-world\my-app"/>
    <property name="intellij.debug.agent" value="true"/>
    <property name="java.runtime.version" value="1.8.0_302-b08"/>
    <property name="java.awt.graphicsenv" value="sun.awt.Win32GraphicsEnvironment"/>
    <property name="java.endorsed.dirs" value="C:\Users\Ksenia.Ilina\.jdks\corretto-1.8.0_302\jre\lib\endorsed"/>
    <property name="os.arch" value="amd64"/>
    <property name="java.io.tmpdir" value="C:\Users\KSENIA~1.ILI\AppData\Local\Temp\"/>
    <property name="line.separator" value="
"/>
    <property name="java.vm.specification.vendor" value="Oracle Corporation"/>
    <property name="user.variant" value=""/>
    <property name="os.name" value="Windows 10"/>
    <property name="maven.ext.class.path" value="C:\Users\Ksenia.Ilina\AppData\Local\JetBrains\Toolbox\apps\IDEA-U\ch-2\211.7628.21\plugins\maven\lib\maven-event-listener.jar"/>
    <property name="classworlds.conf" value="C:\Users\Ksenia.Ilina\AppData\Local\JetBrains\Toolbox\apps\IDEA-U\ch-2\211.7628.21\plugins\maven\lib\maven3\bin\m2.conf"/>
    <property name="sun.jnu.encoding" value="Cp1252"/>
    <property name="java.library.path" value="C:\Users\Ksenia.Ilina\.jdks\corretto-1.8.0_302\bin;C:\Windows\Sun\Java\bin;C:\Windows\system32;C:\Windows;C:\Program Files (x86)\Common Files\Oracle\Java\javapath;C:\Program Files\Common Files\Oracle\Java\javapath;C:\Windows\system32;C:\Windows;C:\Windows\System32\Wbem;C:\Windows\System32\WindowsPowerShell\v1.0\;C:\Windows\System32\OpenSSH\;C:\Program Files\Docker\Docker\resources\bin;C:\ProgramData\DockerDesktop\version-bin;C:\Program Files\Git\cmd;C:\Program Files\dotnet\;C:\Program Files\PuTTY\;C:\Program Files\Perforce\;C:\Program Files\TortoiseSVN\bin;C:\Program Files\TortoiseHg\;C:\Program Files\CodeReady Containers\;C:\Program Files\Git LFS;C:\Program Files\nodejs\;C:\apache-maven-3.8.3\bin;C:\Users\Ksenia.Ilina\AppData\Local\Programs\Python\Python39\Scripts\;C:\Users\Ksenia.Ilina\AppData\Local\Programs\Python\Python39\;C:\Users\Ksenia.Ilina\.cargo\bin;C:\Users\Ksenia.Ilina\AppData\Local\Microsoft\WindowsApps;C:\Users\Ksenia.Ilina\.dotnet\tools;C:\Users\Ksenia.Ilina\AppData\Roaming\npm;."/>
    <property name="jboss.modules.system.pkgs" value="com.intellij.rt"/>
    <property name="maven.conf" value="C:\Users\Ksenia.Ilina\AppData\Local\JetBrains\Toolbox\apps\IDEA-U\ch-2\211.7628.21\plugins\maven\lib\maven3/conf"/>
    <property name="java.class.version" value="52.0"/>
    <property name="java.specification.name" value="Java Platform API Specification"/>
    <property name="sun.management.compiler" value="HotSpot 64-Bit Tiered Compilers"/>
    <property name="os.version" value="10.0"/>
    <property name="user.home" value="C:\Users\Ksenia.Ilina"/>
    <property name="user.timezone" value="Europe/Berlin"/>
    <property name="java.awt.printerjob" value="sun.awt.windows.WPrinterJob"/>
    <property name="java.specification.version" value="1.8"/>
    <property name="file.encoding" value="UTF-8"/>
    <property name="user.name" value="Ksenia.Ilina"/>
    <property name="java.class.path" value="C:\Users\Ksenia.Ilina\AppData\Local\JetBrains\Toolbox\apps\IDEA-U\ch-2\211.7628.21\plugins\maven\lib\maven3\boot\plexus-classworlds-2.6.0.jar;C:\Users\Ksenia.Ilina\AppData\Local\JetBrains\Toolbox\apps\IDEA-U\ch-2\211.7628.21\plugins\maven\lib\maven3\boot\plexus-classworlds.license;C:\Users\Ksenia.Ilina\AppData\Local\JetBrains\Toolbox\apps\IDEA-U\ch-2\211.7628.21\lib\idea_rt.jar;C:\Users\Ksenia.Ilina\AppData\Local\JetBrains\Toolbox\apps\IDEA-U\ch-2\211.7628.21\plugins\java\lib\rt\debugger-agent.jar"/>
    <property name="java.vm.specification.version" value="1.8"/>
    <property name="sun.arch.data.model" value="64"/>
    <property name="java.home" value="C:\Users\Ksenia.Ilina\.jdks\corretto-1.8.0_302\jre"/>
    <property name="sun.java.command" value="org.codehaus.classworlds.Launcher -Didea.version=2021.1.3 clean test"/>
    <property name="java.specification.vendor" value="Oracle Corporation"/>
    <property name="user.language" value="en"/>
    <property name="awt.toolkit" value="sun.awt.windows.WToolkit"/>
    <property name="java.vm.info" value="mixed mode"/>
    <property name="java.version" value="1.8.0_302"/>
    <property name="java.ext.dirs" value="C:\Users\Ksenia.Ilina\.jdks\corretto-1.8.0_302\jre\lib\ext;C:\Windows\Sun\Java\lib\ext"/>
    <property name="sun.boot.class.path" value="C:\Users\Ksenia.Ilina\.jdks\corretto-1.8.0_302\jre\lib\resources.jar;C:\Users\Ksenia.Ilina\.jdks\corretto-1.8.0_302\jre\lib\rt.jar;C:\Users\Ksenia.Ilina\.jdks\corretto-1.8.0_302\jre\lib\sunrsasign.jar;C:\Users\Ksenia.Ilina\.jdks\corretto-1.8.0_302\jre\lib\jsse.jar;C:\Users\Ksenia.Ilina\.jdks\corretto-1.8.0_302\jre\lib\jce.jar;C:\Users\Ksenia.Ilina\.jdks\corretto-1.8.0_302\jre\lib\charsets.jar;C:\Users\Ksenia.Ilina\.jdks\corretto-1.8.0_302\jre\lib\jfr.jar;C:\Users\Ksenia.Ilina\.jdks\corretto-1.8.0_302\jre\classes"/>
    <property name="java.vendor" value="Amazon.com Inc."/>
    <property name="maven.home" value="C:\Users\Ksenia.Ilina\AppData\Local\JetBrains\Toolbox\apps\IDEA-U\ch-2\211.7628.21\plugins\maven\lib\maven3"/>
    <property name="file.separator" value="\"/>
    <property name="java.vendor.url.bug" value="https://github.com/corretto/corretto-8/issues/"/>
    <property name="sun.cpu.endian" value="little"/>
    <property name="sun.io.unicode.encoding" value="UnicodeLittle"/>
    <property name="sun.desktop" value="windows"/>
    <property name="sun.cpu.isalist" value="amd64"/>
  </properties>
  <testcase classname="com.mycompany.app.AppTest" name="testApp" time="0.001"/>
</testsuite>